<?xml version="1.0" encoding="utf-8"?><testsuites name="pytest tests"><testsuite name="pytest" errors="0" failures="0" skipped="0" tests="27" time="69.782" timestamp="2026-07-23T20:59:22.059274+00:00" hostname="agent-env-d6f0efd5-f4ac-4550-9489-9a6109a24b85"><testcase classname="tests.test_careflex_backend.TestPublicContent" name="test_categories" time="0.288" /><testcase classname="tests.test_careflex_backend.TestAdminCRUD" name="test_admin_stats" time="68.358" /><testcase classname="tests.test_careflex_backend.TestPublicContent" name="test_products_list" time="0.079" /><testcase classname="tests.test_careflex_backend.TestPublicContent" name="test_products_filter_category" time="0.078" /><testcase classname="tests.test_careflex_backend.TestPublicContent" name="test_products_filter_coverage_cash" time="0.073" /><testcase classname="tests.test_careflex_backend.TestPublicContent" name="test_products_filter_search" time="0.075" /><testcase classname="tests.test_careflex_backend.TestPublicContent" name="test_products_filter_featured" time="0.080" /><testcase classname="tests.test_careflex_backend.TestPublicContent" name="test_product_detail" time="0.074" /><testcase classname="tests.test_careflex_backend.TestPublicContent" name="test_product_detail_404" time="0.072" /><testcase classname="tests.test_careflex_backend.TestPublicContent" name="test_posts_list_no_content" time="0.082" /><testcase classname="tests.test_careflex_backend.TestPublicContent" name="test_post_detail" time="0.079" /><testcase classname="tests.test_careflex_backend.TestPublicContent" name="test_faqs" time="0.079" /><testcase classname="tests.test_careflex_backend.TestPublicContent" name="test_testimonials" time="0.075" /><testcase classname="tests.test_careflex_backend.TestPublicContent" name="test_service_areas" time="0.075" /><testcase classname="tests.test_careflex_backend.TestLeads" name="test_create_contact_lead" time="0.083" /><testcase classname="tests.test_careflex_backend.TestLeads" name="test_create_referral_lead_with_organization" time="0.081" /><testcase classname="tests.test_careflex_backend.TestLeads" name="test_create_campaign_lead_with_insurance" time="0.078" /><testcase classname="tests.test_careflex_backend.TestAuth" name="test_me_without_token" time="0.073" /><testcase classname="tests.test_careflex_backend.TestAuth" name="test_me_with_bearer" time="11.319" /><testcase classname="tests.test_careflex_backend.TestAuth" name="test_admin_endpoints_require_auth" time="0.292" /><testcase classname="tests.test_careflex_backend.TestSubscribers" name="test_create_subscriber" time="0.093" /><testcase classname="tests.test_careflex_backend.TestAdminCRUD" name="test_admin_leads_list" time="0.048" /><testcase classname="tests.test_careflex_backend.TestAdminCRUD" name="test_admin_subscribers_list" time="0.047" /><testcase classname="tests.test_careflex_backend.TestAdminCRUD" name="test_admin_posts_list" time="0.053" /><testcase classname="tests.test_careflex_backend.TestAdminCRUD" name="test_product_full_crud" time="0.525" /><testcase classname="tests.test_careflex_backend.TestAdminCRUD" name="test_admin_update_lead_status" time="0.167" /><testcase classname="tests.test_careflex_backend.TestAdminCRUD" name="test_admin_unknown_resource_404" time="0.048" /></testsuite></testsuites>