<?xml version="1.0" encoding="utf-8"?><testsuites name="pytest tests"><testsuite name="pytest" errors="0" failures="0" skipped="0" tests="30" time="3.058" timestamp="2026-07-27T19:27:47.462006+00:00" hostname="agent-env-d6f0efd5-f4ac-4550-9489-9a6109a24b85"><testcase classname="tests.test_careflex_backend.TestPublicContent" name="test_categories" time="0.245" /><testcase classname="tests.test_careflex_backend.TestPublicContent" name="test_products_list" time="0.071" /><testcase classname="tests.test_careflex_backend.TestPublicContent" name="test_products_filter_category" time="0.073" /><testcase classname="tests.test_careflex_backend.TestPublicContent" name="test_products_filter_coverage_cash" time="0.066" /><testcase classname="tests.test_careflex_backend.TestPublicContent" name="test_products_filter_search" time="0.068" /><testcase classname="tests.test_careflex_backend.TestPublicContent" name="test_products_filter_featured" time="0.065" /><testcase classname="tests.test_careflex_backend.TestPublicContent" name="test_product_detail" time="0.073" /><testcase classname="tests.test_careflex_backend.TestPublicContent" name="test_product_detail_404" time="0.067" /><testcase classname="tests.test_careflex_backend.TestPublicContent" name="test_posts_list_no_content" time="0.083" /><testcase classname="tests.test_careflex_backend.TestPublicContent" name="test_post_detail" time="0.072" /><testcase classname="tests.test_careflex_backend.TestPublicContent" name="test_faqs" time="0.071" /><testcase classname="tests.test_careflex_backend.TestPublicContent" name="test_testimonials" time="0.068" /><testcase classname="tests.test_careflex_backend.TestPublicContent" name="test_service_areas" time="0.066" /><testcase classname="tests.test_careflex_backend.TestLeads" name="test_create_contact_lead" time="0.076" /><testcase classname="tests.test_careflex_backend.TestLeads" name="test_create_referral_lead_with_organization" time="0.065" /><testcase classname="tests.test_careflex_backend.TestLeads" name="test_create_campaign_lead_with_insurance" time="0.071" /><testcase classname="tests.test_careflex_backend.TestLeads" name="test_create_new_patient_lead_medicare" time="0.071" /><testcase classname="tests.test_careflex_backend.TestLeads" name="test_create_new_patient_lead_ppo" time="0.064" /><testcase classname="tests.test_careflex_backend.TestLeads" name="test_create_order_lead_with_promo" time="0.066" /><testcase classname="tests.test_careflex_backend.TestSubscribers" name="test_create_subscriber" time="0.064" /><testcase classname="tests.test_careflex_backend.TestAuth" name="test_me_without_token" time="0.064" /><testcase classname="tests.test_careflex_backend.TestAuth" name="test_me_with_bearer" time="0.128" /><testcase classname="tests.test_careflex_backend.TestAuth" name="test_admin_endpoints_require_auth" time="0.263" /><testcase classname="tests.test_careflex_backend.TestAdminCRUD" name="test_admin_stats" time="0.075" /><testcase classname="tests.test_careflex_backend.TestAdminCRUD" name="test_admin_leads_list" time="0.088" /><testcase classname="tests.test_careflex_backend.TestAdminCRUD" name="test_admin_subscribers_list" time="0.073" /><testcase classname="tests.test_careflex_backend.TestAdminCRUD" name="test_admin_posts_list" time="0.068" /><testcase classname="tests.test_careflex_backend.TestAdminCRUD" name="test_product_full_crud" time="0.476" /><testcase classname="tests.test_careflex_backend.TestAdminCRUD" name="test_admin_update_lead_status" time="0.132" /><testcase classname="tests.test_careflex_backend.TestAdminCRUD" name="test_admin_unknown_resource_404" time="0.069" /></testsuite></testsuites>